<!DOCTYPE html>
<html>
<head>
    <title>Unittest Results</title>
    <meta charset="utf-8">
    <meta name="viewport" content="width=device-width, initial-scale=1.0">
    <link rel="stylesheet" href="https://maxcdn.bootstrapcdn.com/bootstrap/3.3.6/css/bootstrap.min.css" integrity="sha384-1q8mTJOASx8j1Au+a5WDVnPi2lkFfwwEAa8hDDdjZlpLegxhjVME1fgjWPGmkzs7" crossorigin="anonymous">
</head>
<body>
    <div class="container">
        <div class="row">
            <div class="col-xs-12">
                <h2 class="text-capitalize">Unittest Results</h2>
                <p class='attribute'><strong>Start Time: </strong>2024-07-03 18:18:34</p>
                <p class='attribute'><strong>Duration: </strong>14.63 s</p>
                <p class='attribute'><strong>Summary: </strong>Total: 1, Pass: 0, Error: 1</p>
            </div>
        </div>
        <div class="row">
            <div class="col-xs-12 col-sm-10 col-md-10">
                <table class='table table-hover table-responsive'>
                    <thead>
                        <tr>
                            <th>__main__.LoginTest</th>
                            <th>Status</th>
                            <th></th>
                        </tr>
                    </thead>
                    <tbody>
                        <tr class='warning'>
                            <td class="col-xs-10">test_login_invalid</td>
                            <td class="col-xs-1">
                                <span class="label label-warning" style="display:block;width:40px;">Error</span>
                            </td>
                            <td class="col-xs-1">
                                <button class="btn btn-default btn-xs">View</button>
                            </td>
                        </tr>
                        <tr style="display:none;">
                            <td class="col-xs-9" colspan="3"><p style="color:maroon;">JavascriptException: Message: javascript error: {"status":32,"value":"Unable to locate an element with the xpath expression  because of the following error:\nSyntaxError: Failed to execute 'evaluate' on 'Document': The string '' is not a valid XPath expression."}
  (Session info: chrome=126.0.6478.127)
Stacktrace:
	GetHandleVerifier [0x00007FF662B51F52+60322]
	(No symbol) [0x00007FF662ACCEC9]
	(No symbol) [0x00007FF662987EBA]
	(No symbol) [0x00007FF66298DCEE]
	(No symbol) [0x00007FF662990641]
	(No symbol) [0x00007FF6629906E0]
	(No symbol) [0x00007FF6629D733B]
	(No symbol) [0x00007FF6629D773C]
	(No symbol) [0x00007FF662A1E967]
	(No symbol) [0x00007FF6629FC25F]
	(No symbol) [0x00007FF662A1BC80]
	(No symbol) [0x00007FF6629FBFC3]
	(No symbol) [0x00007FF6629C9617]
	(No symbol) [0x00007FF6629CA211]
	GetHandleVerifier [0x00007FF662E694AD+3301629]
	GetHandleVerifier [0x00007FF662EB36D3+3605283]
	GetHandleVerifier [0x00007FF662EA9450+3563680]
	GetHandleVerifier [0x00007FF662C04326+790390]
	(No symbol) [0x00007FF662AD750F]
	(No symbol) [0x00007FF662AD3404]
	(No symbol) [0x00007FF662AD3592]
	(No symbol) [0x00007FF662AC2F9F]
	BaseThreadInitThunk [0x00007FFC39BE257D+29]
	RtlUserThreadStart [0x00007FFC3A38AF28+40]
</p><p style="color:maroon;">Traceback (most recent call last):
  File "C:\Users\rahul\PycharmProjects\PageObjectModel\SampleProject\Tests\login.py", line 30, in test_login_invalid
    message = driver.find_element(by=By.XPATH,value="").text
              ^^^^^^^^^^^^^^^^^^^^^^^^^^^^^^^^^^^^^^^^^
  File "C:\Users\rahul\PycharmProjects\PageObjectModel\.venv\Lib\site-packages\selenium\webdriver\remote\webdriver.py", line 748, in find_element
    return self.execute(Command.FIND_ELEMENT, {"using": by, "value": value})["value"]
           ^^^^^^^^^^^^^^^^^^^^^^^^^^^^^^^^^^^^^^^^^^^^^^^^^^^^^^^^^^^^^^^^^
  File "C:\Users\rahul\PycharmProjects\PageObjectModel\.venv\Lib\site-packages\selenium\webdriver\remote\webdriver.py", line 354, in execute
    self.error_handler.check_response(response)
  File "C:\Users\rahul\PycharmProjects\PageObjectModel\.venv\Lib\site-packages\selenium\webdriver\remote\errorhandler.py", line 229, in check_response
    raise exception_class(message, screen, stacktrace)
selenium.common.exceptions.JavascriptException: Message: javascript error: {"status":32,"value":"Unable to locate an element with the xpath expression  because of the following error:\nSyntaxError: Failed to execute 'evaluate' on 'Document': The string '' is not a valid XPath expression."}
  (Session info: chrome=126.0.6478.127)
Stacktrace:
	GetHandleVerifier [0x00007FF662B51F52+60322]
	(No symbol) [0x00007FF662ACCEC9]
	(No symbol) [0x00007FF662987EBA]
	(No symbol) [0x00007FF66298DCEE]
	(No symbol) [0x00007FF662990641]
	(No symbol) [0x00007FF6629906E0]
	(No symbol) [0x00007FF6629D733B]
	(No symbol) [0x00007FF6629D773C]
	(No symbol) [0x00007FF662A1E967]
	(No symbol) [0x00007FF6629FC25F]
	(No symbol) [0x00007FF662A1BC80]
	(No symbol) [0x00007FF6629FBFC3]
	(No symbol) [0x00007FF6629C9617]
	(No symbol) [0x00007FF6629CA211]
	GetHandleVerifier [0x00007FF662E694AD+3301629]
	GetHandleVerifier [0x00007FF662EB36D3+3605283]
	GetHandleVerifier [0x00007FF662EA9450+3563680]
	GetHandleVerifier [0x00007FF662C04326+790390]
	(No symbol) [0x00007FF662AD750F]
	(No symbol) [0x00007FF662AD3404]
	(No symbol) [0x00007FF662AD3592]
	(No symbol) [0x00007FF662AC2F9F]
	BaseThreadInitThunk [0x00007FFC39BE257D+29]
	RtlUserThreadStart [0x00007FFC3A38AF28+40]

</p>
                            </td>
                        </tr>
                        <tr>
                            <td colspan="3">
                                Total: 1, Pass: 0, Error: 1 -- Duration: 14.63 s
                            </td>
                        </tr>
                    </tbody>
                </table>
            </div>
        </div>
    </div>
    <script src="https://ajax.googleapis.com/ajax/libs/jquery/2.2.4/jquery.min.js"></script>
    <script type="text/javascript">
        $(document).ready(function(){
            $('td').on('click', '.btn', function(e){
                e.preventDefault();
                e.stopImmediatePropagation();
                var $this = $(this);
                var $nextRow = $this.closest('tr').next('tr');
                $nextRow.slideToggle("fast");
                $this.text(function(i, text){
                    if (text === 'View') {
                        return 'Hide';
                    } else {
                        return 'View';
                    };
                });
            });
        });
    </script>
</body>
</html